<?xml version="1.0" encoding="UTF-8"?>
<testsuite name="com.bbangjun.web.HelloControllerTest" tests="2" skipped="0" failures="0" errors="0" timestamp="2023-01-06T12:09:27" hostname="DESKTOP-QSABD5A" time="0.172">
  <properties/>
  <testcase name="hello가_리턴된다" classname="com.bbangjun.web.HelloControllerTest" time="0.082"/>
  <testcase name="helloDto가_리턴된다" classname="com.bbangjun.web.HelloControllerTest" time="0.09"/>
  <system-out><![CDATA[2023-01-06 21:09:26.247  INFO 16804 --- [    Test worker] .b.t.a.w.s.WebMvcTestContextBootstrapper : Neither @ContextConfiguration nor @ContextHierarchy found for test class [com.bbangjun.web.HelloControllerTest], using SpringBootContextLoader
2023-01-06 21:09:26.249  INFO 16804 --- [    Test worker] o.s.t.c.support.AbstractContextLoader    : Could not detect default resource locations for test class [com.bbangjun.web.HelloControllerTest]: no resource found for suffixes {-context.xml, Context.groovy}.
2023-01-06 21:09:26.249  INFO 16804 --- [    Test worker] t.c.s.AnnotationConfigContextLoaderUtils : Could not detect default configuration classes for test class [com.bbangjun.web.HelloControllerTest]: HelloControllerTest does not declare any static, non-private, non-final, nested classes annotated with @Configuration.
2023-01-06 21:09:26.282  INFO 16804 --- [    Test worker] .b.t.c.SpringBootTestContextBootstrapper : Found @SpringBootConfiguration com.bbangjun.Application for test class com.bbangjun.web.HelloControllerTest
2023-01-06 21:09:26.283  INFO 16804 --- [    Test worker] .b.t.a.w.s.WebMvcTestContextBootstrapper : Loaded default TestExecutionListener class names from location [META-INF/spring.factories]: [org.springframework.security.test.context.support.WithSecurityContextTestExecutionListener, org.springframework.security.test.context.support.ReactorContextTestExecutionListener, org.springframework.boot.test.autoconfigure.restdocs.RestDocsTestExecutionListener, org.springframework.boot.test.autoconfigure.web.client.MockRestServiceServerResetTestExecutionListener, org.springframework.boot.test.autoconfigure.web.servlet.MockMvcPrintOnlyOnFailureTestExecutionListener, org.springframework.boot.test.autoconfigure.web.servlet.WebDriverTestExecutionListener, org.springframework.boot.test.mock.mockito.MockitoTestExecutionListener, org.springframework.boot.test.mock.mockito.ResetMocksTestExecutionListener, org.springframework.test.context.web.ServletTestExecutionListener, org.springframework.test.context.support.DirtiesContextBeforeModesTestExecutionListener, org.springframework.test.context.support.DependencyInjectionTestExecutionListener, org.springframework.test.context.support.DirtiesContextTestExecutionListener, org.springframework.test.context.transaction.TransactionalTestExecutionListener, org.springframework.test.context.jdbc.SqlScriptsTestExecutionListener]
2023-01-06 21:09:26.284  INFO 16804 --- [    Test worker] .b.t.a.w.s.WebMvcTestContextBootstrapper : Using TestExecutionListeners: [org.springframework.test.context.web.ServletTestExecutionListener@34611eaa, org.springframework.test.context.support.DirtiesContextBeforeModesTestExecutionListener@6d69d637, org.springframework.boot.test.mock.mockito.MockitoTestExecutionListener@457824d0, org.springframework.boot.test.autoconfigure.SpringBootDependencyInjectionTestExecutionListener@69b47810, org.springframework.test.context.support.DirtiesContextTestExecutionListener@559cbfc2, org.springframework.test.context.transaction.TransactionalTestExecutionListener@76670328, org.springframework.test.context.jdbc.SqlScriptsTestExecutionListener@723df790, org.springframework.security.test.context.support.WithSecurityContextTestExecutionListener@3803753f, org.springframework.security.test.context.support.ReactorContextTestExecutionListener@8d1bf52, org.springframework.boot.test.autoconfigure.restdocs.RestDocsTestExecutionListener@46e19323, org.springframework.boot.test.autoconfigure.web.client.MockRestServiceServerResetTestExecutionListener@5bfd7d18, org.springframework.boot.test.autoconfigure.web.servlet.MockMvcPrintOnlyOnFailureTestExecutionListener@787451d5, org.springframework.boot.test.autoconfigure.web.servlet.WebDriverTestExecutionListener@7d5a5aa6, org.springframework.boot.test.mock.mockito.ResetMocksTestExecutionListener@37e8a6a5]

  .   ____          _            __ _ _
 /\\ / ___'_ __ _ _(_)_ __  __ _ \ \ \ \
( ( )\___ | '_ | '_| | '_ \/ _` | \ \ \ \
 \\/  ___)| |_)| | | | | || (_| |  ) ) ) )
  '  |____| .__|_| |_|_| |_\__, | / / / /
 =========|_|==============|___/=/_/_/_/
 :: Spring Boot ::        (v2.1.7.RELEASE)

2023-01-06 21:09:26.332  INFO 16804 --- [    Test worker] com.bbangjun.web.HelloControllerTest     : Starting HelloControllerTest on DESKTOP-QSABD5A with PID 16804 (started by ByeongJun in C:\Spring Boot\SpringBoot-AWS-web-service\SpringBoot-AWS-web-service)
2023-01-06 21:09:26.333  INFO 16804 --- [    Test worker] com.bbangjun.web.HelloControllerTest     : No active profile set, falling back to default profiles: default
2023-01-06 21:09:26.896  INFO 16804 --- [    Test worker] o.s.s.concurrent.ThreadPoolTaskExecutor  : Initializing ExecutorService 'applicationTaskExecutor'
2023-01-06 21:09:26.936  INFO 16804 --- [    Test worker] o.s.b.a.w.s.WelcomePageHandlerMapping    : Adding welcome page template: index
2023-01-06 21:09:27.225  INFO 16804 --- [    Test worker] .s.s.UserDetailsServiceAutoConfiguration : 

Using generated security password: da44ed49-e44c-4bbb-8e3c-35e4e4f3f73f

2023-01-06 21:09:27.379  INFO 16804 --- [    Test worker] o.s.s.web.DefaultSecurityFilterChain     : Creating filter chain: any request, [org.springframework.security.web.context.request.async.WebAsyncManagerIntegrationFilter@159774b0, org.springframework.security.web.context.SecurityContextPersistenceFilter@cfb019f, org.springframework.security.web.header.HeaderWriterFilter@4ff5715, org.springframework.security.web.csrf.CsrfFilter@4a8b1fa5, org.springframework.security.web.authentication.logout.LogoutFilter@2e994313, org.springframework.security.web.authentication.UsernamePasswordAuthenticationFilter@2cfb024f, org.springframework.security.web.authentication.ui.DefaultLoginPageGeneratingFilter@490e69a7, org.springframework.security.web.authentication.ui.DefaultLogoutPageGeneratingFilter@53a79ec8, org.springframework.security.web.authentication.www.BasicAuthenticationFilter@17193111, org.springframework.security.web.savedrequest.RequestCacheAwareFilter@7952b354, org.springframework.security.web.servletapi.SecurityContextHolderAwareRequestFilter@7eb1494, org.springframework.security.web.authentication.AnonymousAuthenticationFilter@d68ac14, org.springframework.security.web.session.SessionManagementFilter@161b1618, org.springframework.security.web.access.ExceptionTranslationFilter@7ce137bb, org.springframework.security.web.access.intercept.FilterSecurityInterceptor@3aac20d8]
2023-01-06 21:09:27.417  INFO 16804 --- [    Test worker] o.s.b.t.m.w.SpringBootMockServletContext : Initializing Spring TestDispatcherServlet ''
2023-01-06 21:09:27.417  INFO 16804 --- [    Test worker] o.s.t.web.servlet.TestDispatcherServlet  : Initializing Servlet ''
2023-01-06 21:09:27.432  INFO 16804 --- [    Test worker] o.s.t.web.servlet.TestDispatcherServlet  : Completed initialization in 15 ms
2023-01-06 21:09:27.472  INFO 16804 --- [    Test worker] com.bbangjun.web.HelloControllerTest     : Started HelloControllerTest in 1.185 seconds (JVM running for 9.873)
]]></system-out>
  <system-err><![CDATA[]]></system-err>
</testsuite>
