<?xml version="1.0" encoding="UTF-8"?>
<testsuite name="com.bbangjun.web.PostsApiControllerTest" tests="2" skipped="0" failures="0" errors="0" timestamp="2023-01-06T11:48:43" hostname="DESKTOP-QSABD5A" time="0.385">
  <properties/>
  <testcase name="Posts_등록된다" classname="com.bbangjun.web.PostsApiControllerTest" time="0.343"/>
  <testcase name="Posts_수정된다" classname="com.bbangjun.web.PostsApiControllerTest" time="0.041"/>
  <system-out><![CDATA[2023-01-06 20:48:43.222  INFO 6560 --- [    Test worker] .b.t.c.SpringBootTestContextBootstrapper : Neither @ContextConfiguration nor @ContextHierarchy found for test class [com.bbangjun.web.PostsApiControllerTest], using SpringBootContextLoader
2023-01-06 20:48:43.224  INFO 6560 --- [    Test worker] o.s.t.c.support.AbstractContextLoader    : Could not detect default resource locations for test class [com.bbangjun.web.PostsApiControllerTest]: no resource found for suffixes {-context.xml, Context.groovy}.
2023-01-06 20:48:43.224  INFO 6560 --- [    Test worker] t.c.s.AnnotationConfigContextLoaderUtils : Could not detect default configuration classes for test class [com.bbangjun.web.PostsApiControllerTest]: PostsApiControllerTest does not declare any static, non-private, non-final, nested classes annotated with @Configuration.
2023-01-06 20:48:43.227  INFO 6560 --- [    Test worker] .b.t.c.SpringBootTestContextBootstrapper : Found @SpringBootConfiguration com.bbangjun.Application for test class com.bbangjun.web.PostsApiControllerTest
2023-01-06 20:48:43.229  INFO 6560 --- [    Test worker] .b.t.c.SpringBootTestContextBootstrapper : Loaded default TestExecutionListener class names from location [META-INF/spring.factories]: [org.springframework.security.test.context.support.WithSecurityContextTestExecutionListener, org.springframework.security.test.context.support.ReactorContextTestExecutionListener, org.springframework.boot.test.autoconfigure.restdocs.RestDocsTestExecutionListener, org.springframework.boot.test.autoconfigure.web.client.MockRestServiceServerResetTestExecutionListener, org.springframework.boot.test.autoconfigure.web.servlet.MockMvcPrintOnlyOnFailureTestExecutionListener, org.springframework.boot.test.autoconfigure.web.servlet.WebDriverTestExecutionListener, org.springframework.boot.test.mock.mockito.MockitoTestExecutionListener, org.springframework.boot.test.mock.mockito.ResetMocksTestExecutionListener, org.springframework.test.context.web.ServletTestExecutionListener, org.springframework.test.context.support.DirtiesContextBeforeModesTestExecutionListener, org.springframework.test.context.support.DependencyInjectionTestExecutionListener, org.springframework.test.context.support.DirtiesContextTestExecutionListener, org.springframework.test.context.transaction.TransactionalTestExecutionListener, org.springframework.test.context.jdbc.SqlScriptsTestExecutionListener]
2023-01-06 20:48:43.231  INFO 6560 --- [    Test worker] .b.t.c.SpringBootTestContextBootstrapper : Using TestExecutionListeners: [org.springframework.test.context.web.ServletTestExecutionListener@126d10cb, org.springframework.test.context.support.DirtiesContextBeforeModesTestExecutionListener@2a414665, org.springframework.boot.test.mock.mockito.MockitoTestExecutionListener@605eac11, org.springframework.boot.test.autoconfigure.SpringBootDependencyInjectionTestExecutionListener@65fe4584, org.springframework.test.context.support.DirtiesContextTestExecutionListener@1fefeab8, org.springframework.test.context.transaction.TransactionalTestExecutionListener@3f3de54e, org.springframework.test.context.jdbc.SqlScriptsTestExecutionListener@2a16f89c, org.springframework.security.test.context.support.WithSecurityContextTestExecutionListener@3d534a3f, org.springframework.security.test.context.support.ReactorContextTestExecutionListener@5d09cd07, org.springframework.boot.test.autoconfigure.restdocs.RestDocsTestExecutionListener@dce447d, org.springframework.boot.test.autoconfigure.web.client.MockRestServiceServerResetTestExecutionListener@10819f40, org.springframework.boot.test.autoconfigure.web.servlet.MockMvcPrintOnlyOnFailureTestExecutionListener@37a42ddd, org.springframework.boot.test.autoconfigure.web.servlet.WebDriverTestExecutionListener@24d6bfdb, org.springframework.boot.test.mock.mockito.ResetMocksTestExecutionListener@5bc4fa90]
2023-01-06 20:48:43.261  INFO 6560 --- [    Test worker] o.a.c.c.C.[Tomcat].[localhost].[/]       : Initializing Spring TestDispatcherServlet ''
2023-01-06 20:48:43.262  INFO 6560 --- [    Test worker] o.s.t.web.servlet.TestDispatcherServlet  : Initializing Servlet ''
2023-01-06 20:48:43.265  INFO 6560 --- [    Test worker] o.s.t.web.servlet.TestDispatcherServlet  : Completed initialization in 3 ms
Hibernate: insert into posts (created_date, modified_date, author, content, title) values (?, ?, ?, ?, ?)
Hibernate: select posts0_.id as id1_0_, posts0_.created_date as created_2_0_, posts0_.modified_date as modified3_0_, posts0_.author as author4_0_, posts0_.content as content5_0_, posts0_.title as title6_0_ from posts posts0_
Hibernate: select posts0_.id as id1_0_, posts0_.created_date as created_2_0_, posts0_.modified_date as modified3_0_, posts0_.author as author4_0_, posts0_.content as content5_0_, posts0_.title as title6_0_ from posts posts0_
Hibernate: delete from posts where id=?
2023-01-06 20:48:43.585  INFO 6560 --- [    Test worker] o.a.c.c.C.[Tomcat].[localhost].[/]       : Initializing Spring TestDispatcherServlet ''
2023-01-06 20:48:43.585  INFO 6560 --- [    Test worker] o.s.t.web.servlet.TestDispatcherServlet  : Initializing Servlet ''
2023-01-06 20:48:43.589  INFO 6560 --- [    Test worker] o.s.t.web.servlet.TestDispatcherServlet  : Completed initialization in 3 ms
Hibernate: insert into posts (created_date, modified_date, author, content, title) values (?, ?, ?, ?, ?)
Hibernate: select posts0_.id as id1_0_0_, posts0_.created_date as created_2_0_0_, posts0_.modified_date as modified3_0_0_, posts0_.author as author4_0_0_, posts0_.content as content5_0_0_, posts0_.title as title6_0_0_ from posts posts0_ where posts0_.id=?
Hibernate: update posts set created_date=?, modified_date=?, author=?, content=?, title=? where id=?
Hibernate: select posts0_.id as id1_0_, posts0_.created_date as created_2_0_, posts0_.modified_date as modified3_0_, posts0_.author as author4_0_, posts0_.content as content5_0_, posts0_.title as title6_0_ from posts posts0_
Hibernate: select posts0_.id as id1_0_, posts0_.created_date as created_2_0_, posts0_.modified_date as modified3_0_, posts0_.author as author4_0_, posts0_.content as content5_0_, posts0_.title as title6_0_ from posts posts0_
Hibernate: delete from posts where id=?
]]></system-out>
  <system-err><![CDATA[]]></system-err>
</testsuite>
